-t ,,%%%%%%%% -i
-t ,%,%%%%%%% -i
-t ,%%,%%%%%%% -i
-t ,%%%,%%%%%% -i
-t ,%%%%,%%%%% -i
-t ,%%%%%,%%%% -i
-t ,%%%%%%,%%% -i
-t ,%%%%%%%,%% -i
-t ,%%%%%%%%,% -i
-t ,%%%%%%%%%, -i
-t %,,%%%%%%% -i
-t %,,%%%%%%% -i
-t %,%,%%%%%% -i
-t %,%%,%%%%% -i
-t %,%%%,%%%% -i
-t %,%%%%,%%% -i
-t %,%%%%%,%% -i
-t %,%%%%%%,% -i
-t %,%%%%%%%, -i
-t %%,,%%%%%% -i
-t %%,%,%%%%% -i
-t %%,%%,%%%% -i
-t %%,%%%,%%% -i
-t %%,%%%%,%% -i
-t %%,%%%%%,% -i
-t %%,%%%%%%, -i
-t %%%,,%%%%% -i
-t %%%,%,%%%% -i
-t %%%,%%,%%% -i
-t %%%,%%%,%% -i
-t %%%,%%%%,% -i
-t %%%,%%%%%, -i
-t %%%%,,%%%%
-t %%%%,%,%%%
-t %%%%,%%,%%
-t %%%%,%%%,%
-t %%%%,%%%%,
-t %%%%%,,%%%
-t %%%%%,%,%%
-t %%%%%,%%,%
-t %%%%%,%%%,
-t %%%%%%,,%%
-t %%%%%%,%,%
-t %%%%%%,%%,
-t %%%%%%%,,%
-t %%%%%%%,%,
-t %%%%%%%%,,
